<?xml version="1.0" encoding="UTF-8"?>
<!-- Generated by org.testng.reporters.JUnitReportReporter -->
<testsuite hostname="ATLANTISPC-274" name="com.qtpselenium.suiteB.TestCase_B1" tests="4" failures="0" timestamp="21 Sep 2015 14:43:41 GMT" time="0.002" errors="4">
  <testcase name="testCaseB1" time="0.000" classname="com.qtpselenium.suiteB.TestCase_B1"/>
  <testcase name="testCaseB1" time="0.000" classname="com.qtpselenium.suiteB.TestCase_B1"/>
  <testcase name="testCaseB1" time="0.001" classname="com.qtpselenium.suiteB.TestCase_B1"/>
  <testcase name="testCaseB1" time="0.001" classname="com.qtpselenium.suiteB.TestCase_B1"/>
</testsuite> <!-- com.qtpselenium.suiteB.TestCase_B1 -->
