<?xml version="1.0" encoding="UTF-8"?>
<!-- Generated by org.testng.reporters.JUnitReportReporter -->
<testsuite hostname="ATLANTISPC-274" name="com.qtpselenium.Login_Suite.NewCustomerRegistration" tests="1" failures="0" timestamp="23 Sep 2015 14:48:01 GMT" time="45.496" errors="0">
  <testcase name="testCaseA2" time="45.496" classname="com.qtpselenium.Login_Suite.NewCustomerRegistration"/>
</testsuite> <!-- com.qtpselenium.Login_Suite.NewCustomerRegistration -->
