<?xml version="1.0" encoding="UTF-8"?>
<!-- Generated by org.testng.reporters.JUnitReportReporter -->
<testsuite hostname="ATLANTISPC-274" name="com.qtpselenium.Login_Suite.Checklogin" tests="4" failures="0" timestamp="24 Sep 2015 15:27:59 GMT" time="0.001" errors="4">
  <testcase name="CheckLogin" time="0.000" classname="com.qtpselenium.Login_Suite.Checklogin"/>
  <testcase name="CheckLogin" time="0.001" classname="com.qtpselenium.Login_Suite.Checklogin"/>
  <testcase name="CheckLogin" time="0.000" classname="com.qtpselenium.Login_Suite.Checklogin"/>
  <testcase name="CheckLogin" time="0.000" classname="com.qtpselenium.Login_Suite.Checklogin"/>
</testsuite> <!-- com.qtpselenium.Login_Suite.Checklogin -->
