<?xml version="1.0" encoding="UTF-8"?>
<!-- Generated by org.testng.reporters.JUnitReportReporter -->
<testsuite hostname="ATLANTISPC-274" name="com.qtpselenium.suiteC.TestCase_C1" tests="4" failures="4" timestamp="21 Oct 2015 05:52:54 GMT" time="0.000" errors="0">
  <testcase name="testCaseC1" time="0.000" classname="com.qtpselenium.suiteC.TestCase_C1"/>
  <testcase name="testCaseC1" time="0.000" classname="com.qtpselenium.suiteC.TestCase_C1"/>
  <testcase name="testCaseC1" time="0.000" classname="com.qtpselenium.suiteC.TestCase_C1"/>
  <testcase name="testCaseC1" time="0.000" classname="com.qtpselenium.suiteC.TestCase_C1"/>
</testsuite> <!-- com.qtpselenium.suiteC.TestCase_C1 -->
