<?xml version="1.0" encoding="UTF-8"?>
<!-- Generated by org.testng.reporters.JUnitReportReporter -->
<testsuite hostname="ATLANTISPC-274" name="com.qtpselenium.Login_Suite.Checklogin" tests="1" failures="1" timestamp="21 Oct 2015 05:52:54 GMT" time="0.000" errors="0">
  <testcase name="CheckLogin" time="0.000" classname="com.qtpselenium.Login_Suite.Checklogin"/>
</testsuite> <!-- com.qtpselenium.Login_Suite.Checklogin -->
