<?xml version="1.0" encoding="UTF-8"?>
<!-- Generated by org.testng.reporters.JUnitReportReporter -->
<testsuite hostname="ATLANTISPC-274" name="com.qtpselenium.Login_Suite.Checklogin" tests="1" failures="0" timestamp="13 Oct 2015 08:01:50 GMT" time="0.001" errors="1">
  <testcase name="CheckLogin" time="0.001" classname="com.qtpselenium.Login_Suite.Checklogin"/>
</testsuite> <!-- com.qtpselenium.Login_Suite.Checklogin -->
