<?xml version="1.0" encoding="UTF-8"?>
<!-- Generated by org.testng.reporters.JUnitReportReporter -->
<testsuite hostname="ATLANTISPC-274" name="com.qtpselenium.suiteB.TestCase_B2" tests="1" failures="1" timestamp="21 Oct 2015 05:52:54 GMT" time="0.001" errors="0">
  <testcase name="testCaseB2" time="0.001" classname="com.qtpselenium.suiteB.TestCase_B2"/>
</testsuite> <!-- com.qtpselenium.suiteB.TestCase_B2 -->
