<?xml version="1.0" encoding="UTF-8"?>
<!-- Generated by org.testng.reporters.JUnitReportReporter -->
<testsuite hostname="ATLANTISPC-274" name="com.qtpselenium.suiteB.TestCase_B1" tests="4" failures="0" timestamp="23 Sep 2015 14:48:01 GMT" time="0.000" errors="4">
  <testcase name="testCaseB1" time="0.000" classname="com.qtpselenium.suiteB.TestCase_B1"/>
  <testcase name="testCaseB1" time="0.000" classname="com.qtpselenium.suiteB.TestCase_B1"/>
  <testcase name="testCaseB1" time="0.000" classname="com.qtpselenium.suiteB.TestCase_B1"/>
  <testcase name="testCaseB1" time="0.000" classname="com.qtpselenium.suiteB.TestCase_B1"/>
</testsuite> <!-- com.qtpselenium.suiteB.TestCase_B1 -->
