<?xml version="1.0" encoding="UTF-8"?>
<!-- Generated by org.testng.reporters.JUnitReportReporter -->
<testsuite hostname="ATLANTISPC-274" name="com.qtpselenium.Login_Suite.NewCustomerRegistration" tests="5" failures="0" timestamp="14 Oct 2015 09:22:35 GMT" time="556.695" errors="0">
  <testcase name="testCaseA2" time="98.108" classname="com.qtpselenium.Login_Suite.NewCustomerRegistration"/>
  <testcase name="testCaseA2" time="98.743" classname="com.qtpselenium.Login_Suite.NewCustomerRegistration"/>
  <testcase name="testCaseA2" time="162.578" classname="com.qtpselenium.Login_Suite.NewCustomerRegistration"/>
  <testcase name="testCaseA2" time="98.128" classname="com.qtpselenium.Login_Suite.NewCustomerRegistration"/>
  <testcase name="testCaseA2" time="99.138" classname="com.qtpselenium.Login_Suite.NewCustomerRegistration"/>
</testsuite> <!-- com.qtpselenium.Login_Suite.NewCustomerRegistration -->
