<?xml version="1.0" encoding="UTF-8"?>
<!-- Generated by org.testng.reporters.JUnitReportReporter -->
<testsuite hostname="ATLANTISPC-274" name="com.qtpselenium.suiteB.TestCase_B2" tests="1" failures="0" timestamp="23 Sep 2015 14:48:01 GMT" time="0.001" errors="1">
  <testcase name="testCaseB2" time="0.001" classname="com.qtpselenium.suiteB.TestCase_B2"/>
</testsuite> <!-- com.qtpselenium.suiteB.TestCase_B2 -->
