<?xml version="1.0" encoding="UTF-8"?>
<!-- Generated by org.testng.reporters.JUnitReportReporter -->
<testsuite hostname="ATLANTISPC-274" name="com.qtpselenium.Login_Suite.TestCase_A2" tests="2" failures="0" timestamp="18 Sep 2015 15:17:47 GMT" time="0.001" errors="2">
  <testcase name="testCaseA2" time="0.001" classname="com.qtpselenium.Login_Suite.TestCase_A2"/>
  <testcase name="testCaseA2" time="0.000" classname="com.qtpselenium.Login_Suite.TestCase_A2"/>
</testsuite> <!-- com.qtpselenium.Login_Suite.TestCase_A2 -->
